[debug] [2025-09-20T18:09:04.044Z] ----------------------------------------------------------------------
[debug] [2025-09-20T18:09:04.046Z] Command:       C:\Program Files\nodejs\node.exe C:\Users\ayush\AppData\Roaming\npm\node_modules\firebase-tools\lib\bin\firebase.js init
[debug] [2025-09-20T18:09:04.046Z] CLI Version:   14.17.0
[debug] [2025-09-20T18:09:04.046Z] Platform:      win32
[debug] [2025-09-20T18:09:04.046Z] Node Version:  v22.15.0
[debug] [2025-09-20T18:09:04.047Z] Time:          Sat Sep 20 2025 23:39:04 GMT+0530 (India Standard Time)
[debug] [2025-09-20T18:09:04.047Z] ----------------------------------------------------------------------
[debug] 
[debug] [2025-09-20T18:09:04.051Z] > command requires scopes: ["email","openid","https://www.googleapis.com/auth/cloudplatformprojects.readonly","https://www.googleapis.com/auth/firebase","https://www.googleapis.com/auth/cloud-platform"]
[debug] [2025-09-20T18:09:04.051Z] > authorizing via signed-in user (ayushsingh102005@gmail.com)
[info] 
     ######## #### ########  ######## ########     ###     ######  ########
     ##        ##  ##     ## ##       ##     ##  ##   ##  ##       ##
     ######    ##  ########  ######   ########  #########  ######  ######
     ##        ##  ##    ##  ##       ##     ## ##     ##       ## ##
     ##       #### ##     ## ######## ########  ##     ##  ######  ########

You're about to initialize a Firebase project in this directory:

  C:\Users\ayush\OneDrive\Desktop\Apology\apology-website

[info] 
=== Project Setup
[info] 
[info] First, let's associate this project directory with a Firebase project.
[info] You can create multiple project aliases by running firebase use --add, 
[info] but for now we'll just set up a default project.
[info] 
[debug] [2025-09-20T18:11:28.695Z] Checked if tokens are valid: true, expires at: 1758395326517
[debug] [2025-09-20T18:11:28.695Z] Checked if tokens are valid: true, expires at: 1758395326517
[debug] [2025-09-20T18:11:28.696Z] >>> [apiv2][query] GET https://firebase.googleapis.com/v1beta1/projects pageSize=100
[debug] [2025-09-20T18:11:29.651Z] <<< [apiv2][status] GET https://firebase.googleapis.com/v1beta1/projects 200
[debug] [2025-09-20T18:11:29.651Z] <<< [apiv2][body] GET https://firebase.googleapis.com/v1beta1/projects [omitted]
[debug] [2025-09-20T18:11:37.538Z] ExitPromptError: User force closed the prompt with SIGINT
    at Interface.sigint (C:\Users\ayush\AppData\Roaming\npm\node_modules\firebase-tools\node_modules\@inquirer\core\dist\commonjs\lib\create-prompt.js:101:37)
    at Interface.emit (node:events:518:28)
    at Interface.emit (node:domain:489:12)
    at [_ttyWrite] [as _ttyWrite] (node:internal/readline/interface:1128:18)
    at ReadStream.onkeypress (node:internal/readline/interface:267:20)
    at ReadStream.emit (node:events:530:35)
    at ReadStream.emit (node:domain:489:12)
    at emitKeys (node:internal/readline/utils:370:14)
    at emitKeys.next (<anonymous>)
    at ReadStream.onData (node:internal/readline/emitKeypressEvents:64:36)
[error] 
[error] Error: An unexpected error has occurred.
[debug] [2025-09-20T18:11:41.947Z] ----------------------------------------------------------------------
[debug] [2025-09-20T18:11:41.949Z] Command:       C:\Program Files\nodejs\node.exe C:\Users\ayush\AppData\Roaming\npm\node_modules\firebase-tools\lib\bin\firebase.js init
[debug] [2025-09-20T18:11:41.950Z] CLI Version:   14.17.0
[debug] [2025-09-20T18:11:41.950Z] Platform:      win32
[debug] [2025-09-20T18:11:41.950Z] Node Version:  v22.15.0
[debug] [2025-09-20T18:11:41.950Z] Time:          Sat Sep 20 2025 23:41:41 GMT+0530 (India Standard Time)
[debug] [2025-09-20T18:11:41.950Z] ----------------------------------------------------------------------
[debug] 
[debug] [2025-09-20T18:11:41.955Z] > command requires scopes: ["email","openid","https://www.googleapis.com/auth/cloudplatformprojects.readonly","https://www.googleapis.com/auth/firebase","https://www.googleapis.com/auth/cloud-platform"]
[debug] [2025-09-20T18:11:41.956Z] > authorizing via signed-in user (ayushsingh102005@gmail.com)
[info] 
     ######## #### ########  ######## ########     ###     ######  ########
     ##        ##  ##     ## ##       ##     ##  ##   ##  ##       ##
     ######    ##  ########  ######   ########  #########  ######  ######
     ##        ##  ##    ##  ##       ##     ## ##     ##       ## ##
     ##       #### ##     ## ######## ########  ##     ##  ######  ########

You're about to initialize a Firebase project in this directory:

  C:\Users\ayush\OneDrive\Desktop\Apology\apology-website

[info] 
=== Project Setup
[info] 
[info] First, let's associate this project directory with a Firebase project.
[info] You can create multiple project aliases by running firebase use --add, 
[info] but for now we'll just set up a default project.
[info] 
[info] i  If you want to create a project in a Google Cloud organization or folder, please use "firebase projects:create" instead, and return to this command when you've created the project. 
[debug] [2025-09-20T18:12:01.234Z] Checked if tokens are valid: true, expires at: 1758395326517
[debug] [2025-09-20T18:12:01.234Z] Checked if tokens are valid: true, expires at: 1758395326517
[debug] [2025-09-20T18:12:01.236Z] >>> [apiv2][query] POST https://firebase.googleapis.com/v1/projects:checkProjectId [none]
[debug] [2025-09-20T18:12:01.236Z] >>> [apiv2][body] POST https://firebase.googleapis.com/v1/projects:checkProjectId {"proposedId":"Apology"}
[debug] [2025-09-20T18:12:02.452Z] <<< [apiv2][status] POST https://firebase.googleapis.com/v1/projects:checkProjectId 200
[debug] [2025-09-20T18:12:02.452Z] <<< [apiv2][body] POST https://firebase.googleapis.com/v1/projects:checkProjectId {"projectIdStatus":"PROJECT_ID_NOT_VALID","suggestedProjectId":"apology-8aab7"}
[debug] [2025-09-20T18:12:13.631Z] Checked if tokens are valid: true, expires at: 1758395326517
[debug] [2025-09-20T18:12:13.631Z] Checked if tokens are valid: true, expires at: 1758395326517
[debug] [2025-09-20T18:12:13.632Z] >>> [apiv2][query] POST https://firebase.googleapis.com/v1/projects:checkProjectId [none]
[debug] [2025-09-20T18:12:13.632Z] >>> [apiv2][body] POST https://firebase.googleapis.com/v1/projects:checkProjectId {"proposedId":"Apology=0777"}
[debug] [2025-09-20T18:12:14.289Z] <<< [apiv2][status] POST https://firebase.googleapis.com/v1/projects:checkProjectId 400
[debug] [2025-09-20T18:12:14.289Z] <<< [apiv2][body] POST https://firebase.googleapis.com/v1/projects:checkProjectId {"error":{"code":400,"message":"Request contains an invalid argument.","status":"INVALID_ARGUMENT"}}
[debug] [2025-09-20T18:12:14.290Z] Couldn't check if project ID Apology=0777 is available. Original error: FirebaseError: Failed to check if project ID is available. See firebase-debug.log for more info.
[debug] [2025-09-20T18:12:19.041Z] Checked if tokens are valid: true, expires at: 1758395326517
[debug] [2025-09-20T18:12:19.041Z] Checked if tokens are valid: true, expires at: 1758395326517
[debug] [2025-09-20T18:12:19.041Z] >>> [apiv2][query] POST https://cloudresourcemanager.googleapis.com/v1/projects [none]
[debug] [2025-09-20T18:12:19.042Z] >>> [apiv2][body] POST https://cloudresourcemanager.googleapis.com/v1/projects {"projectId":"Apology=0777","name":"Apology=0777"}
[debug] [2025-09-20T18:12:20.861Z] <<< [apiv2][status] POST https://cloudresourcemanager.googleapis.com/v1/projects 400
[debug] [2025-09-20T18:12:20.861Z] <<< [apiv2][body] POST https://cloudresourcemanager.googleapis.com/v1/projects {"error":{"code":400,"message":"Request contains an invalid argument.","status":"INVALID_ARGUMENT","details":[{"@type":"type.googleapis.com/google.rpc.BadRequest","fieldViolations":[{"field":"project_id","description":"project_id contains invalid characters"},{"field":"display_name","description":"project display name contains invalid characters"}]},{"@type":"type.googleapis.com/google.rpc.Help","links":[{"url":"https://cloud.google.com/resource-manager/reference/rest/v1/projects"}]}]}}
[debug] [2025-09-20T18:12:21.156Z] FirebaseError: Request to https://cloudresourcemanager.googleapis.com/v1/projects had HTTP Error: 400, Request contains an invalid argument.
    at responseToError (C:\Users\ayush\AppData\Roaming\npm\node_modules\firebase-tools\lib\responseToError.js:52:12)
    at RetryOperation._fn (C:\Users\ayush\AppData\Roaming\npm\node_modules\firebase-tools\lib\apiv2.js:312:77)
    at process.processTicksAndRejections (node:internal/process/task_queues:105:5)
[error] 
[error] Error: Failed to create project. See firebase-debug.log for more info.
[debug] [2025-09-20T18:12:48.772Z] ----------------------------------------------------------------------
[debug] [2025-09-20T18:12:48.774Z] Command:       C:\Program Files\nodejs\node.exe C:\Users\ayush\AppData\Roaming\npm\node_modules\firebase-tools\lib\bin\firebase.js init
[debug] [2025-09-20T18:12:48.774Z] CLI Version:   14.17.0
[debug] [2025-09-20T18:12:48.774Z] Platform:      win32
[debug] [2025-09-20T18:12:48.774Z] Node Version:  v22.15.0
[debug] [2025-09-20T18:12:48.774Z] Time:          Sat Sep 20 2025 23:42:48 GMT+0530 (India Standard Time)
[debug] [2025-09-20T18:12:48.774Z] ----------------------------------------------------------------------
[debug] 
[debug] [2025-09-20T18:12:48.780Z] > command requires scopes: ["email","openid","https://www.googleapis.com/auth/cloudplatformprojects.readonly","https://www.googleapis.com/auth/firebase","https://www.googleapis.com/auth/cloud-platform"]
[debug] [2025-09-20T18:12:48.781Z] > authorizing via signed-in user (ayushsingh102005@gmail.com)
[info] 
     ######## #### ########  ######## ########     ###     ######  ########
     ##        ##  ##     ## ##       ##     ##  ##   ##  ##       ##
     ######    ##  ########  ######   ########  #########  ######  ######
     ##        ##  ##    ##  ##       ##     ## ##     ##       ## ##
     ##       #### ##     ## ######## ########  ##     ##  ######  ########

You're about to initialize a Firebase project in this directory:

  C:\Users\ayush\OneDrive\Desktop\Apology\apology-website

[info] 
=== Project Setup
[info] 
[info] First, let's associate this project directory with a Firebase project.
[info] You can create multiple project aliases by running firebase use --add, 
[info] but for now we'll just set up a default project.
[info] 
[info] i  If you want to create a project in a Google Cloud organization or folder, please use "firebase projects:create" instead, and return to this command when you've created the project. 
[debug] [2025-09-20T18:13:37.365Z] Checked if tokens are valid: true, expires at: 1758395326517
[debug] [2025-09-20T18:13:37.365Z] Checked if tokens are valid: true, expires at: 1758395326517
[debug] [2025-09-20T18:13:37.367Z] >>> [apiv2][query] POST https://firebase.googleapis.com/v1/projects:checkProjectId [none]
[debug] [2025-09-20T18:13:37.367Z] >>> [apiv2][body] POST https://firebase.googleapis.com/v1/projects:checkProjectId {"proposedId":"apology-0777"}
[debug] [2025-09-20T18:13:38.122Z] <<< [apiv2][status] POST https://firebase.googleapis.com/v1/projects:checkProjectId 200
[debug] [2025-09-20T18:13:38.122Z] <<< [apiv2][body] POST https://firebase.googleapis.com/v1/projects:checkProjectId {"projectIdStatus":"PROJECT_ID_AVAILABLE","suggestedProjectId":"apology-0777"}
[debug] [2025-09-20T18:13:49.550Z] Checked if tokens are valid: true, expires at: 1758395326517
[debug] [2025-09-20T18:13:49.550Z] Checked if tokens are valid: true, expires at: 1758395326517
[debug] [2025-09-20T18:13:49.550Z] >>> [apiv2][query] POST https://cloudresourcemanager.googleapis.com/v1/projects [none]
[debug] [2025-09-20T18:13:49.550Z] >>> [apiv2][body] POST https://cloudresourcemanager.googleapis.com/v1/projects {"projectId":"apology-0777","name":"Apology"}
[debug] [2025-09-20T18:13:51.430Z] <<< [apiv2][status] POST https://cloudresourcemanager.googleapis.com/v1/projects 200
[debug] [2025-09-20T18:13:51.430Z] <<< [apiv2][body] POST https://cloudresourcemanager.googleapis.com/v1/projects {"name":"operations/create_project.global.6310316631975450107"}
[debug] [2025-09-20T18:13:51.431Z] Checked if tokens are valid: true, expires at: 1758395326517
[debug] [2025-09-20T18:13:51.431Z] Checked if tokens are valid: true, expires at: 1758395326517
[debug] [2025-09-20T18:13:51.431Z] >>> [apiv2][query] GET https://cloudresourcemanager.googleapis.com/v1/operations/create_project.global.6310316631975450107 [none]
[debug] [2025-09-20T18:13:53.004Z] <<< [apiv2][status] GET https://cloudresourcemanager.googleapis.com/v1/operations/create_project.global.6310316631975450107 200
[debug] [2025-09-20T18:13:53.004Z] <<< [apiv2][body] GET https://cloudresourcemanager.googleapis.com/v1/operations/create_project.global.6310316631975450107 {"name":"operations/create_project.global.6310316631975450107","metadata":{"@type":"type.googleapis.com/google.cloudresourcemanager.v1.ProjectCreationStatus","ready":true},"done":true,"error":{"code":8,"message":"The project cannot be created because you have exceeded your allotted project quota.","details":[{"@type":"type.googleapis.com/google.rpc.QuotaFailure","violations":[{"description":"The project cannot be created because you have exceeded your allotted project quota."}]}]}}
[debug] [2025-09-20T18:13:53.338Z] FirebaseError: The project cannot be created because you have exceeded your allotted project quota.
    at OperationPoller.poll (C:\Users\ayush\AppData\Roaming\npm\node_modules\firebase-tools\lib\operation-poller.js:24:19)
    at process.processTicksAndRejections (node:internal/process/task_queues:105:5)
    at async createCloudProject (C:\Users\ayush\AppData\Roaming\npm\node_modules\firebase-tools\lib\management\projects.js:215:29)
    at async createFirebaseProjectAndLog (C:\Users\ayush\AppData\Roaming\npm\node_modules\firebase-tools\lib\management\projects.js:83:9)
    at async promptAndCreateNewProject (C:\Users\ayush\AppData\Roaming\npm\node_modules\firebase-tools\lib\init\features\project.js:31:12)
    at async Object.doSetup (C:\Users\ayush\AppData\Roaming\npm\node_modules\firebase-tools\lib\init\features\project.js:89:31)
    at async init (C:\Users\ayush\AppData\Roaming\npm\node_modules\firebase-tools\lib\init\index.js:68:13)
    at async Command.initAction [as actionFn] (C:\Users\ayush\AppData\Roaming\npm\node_modules\firebase-tools\lib\commands\init.js:214:5)
[error] 
[error] Error: Failed to create project. See firebase-debug.log for more info.
[debug] [2025-09-20T18:14:03.974Z] ----------------------------------------------------------------------
[debug] [2025-09-20T18:14:03.976Z] Command:       C:\Program Files\nodejs\node.exe C:\Users\ayush\AppData\Roaming\npm\node_modules\firebase-tools\lib\bin\firebase.js init
[debug] [2025-09-20T18:14:03.977Z] CLI Version:   14.17.0
[debug] [2025-09-20T18:14:03.977Z] Platform:      win32
[debug] [2025-09-20T18:14:03.977Z] Node Version:  v22.15.0
[debug] [2025-09-20T18:14:03.977Z] Time:          Sat Sep 20 2025 23:44:03 GMT+0530 (India Standard Time)
[debug] [2025-09-20T18:14:03.977Z] ----------------------------------------------------------------------
[debug] 
[debug] [2025-09-20T18:14:03.981Z] > command requires scopes: ["email","openid","https://www.googleapis.com/auth/cloudplatformprojects.readonly","https://www.googleapis.com/auth/firebase","https://www.googleapis.com/auth/cloud-platform"]
[debug] [2025-09-20T18:14:03.981Z] > authorizing via signed-in user (ayushsingh102005@gmail.com)
[info] 
     ######## #### ########  ######## ########     ###     ######  ########
     ##        ##  ##     ## ##       ##     ##  ##   ##  ##       ##
     ######    ##  ########  ######   ########  #########  ######  ######
     ##        ##  ##    ##  ##       ##     ## ##     ##       ## ##
     ##       #### ##     ## ######## ########  ##     ##  ######  ########

You're about to initialize a Firebase project in this directory:

  C:\Users\ayush\OneDrive\Desktop\Apology\apology-website

[info] 
=== Project Setup
[info] 
[info] First, let's associate this project directory with a Firebase project.
[info] You can create multiple project aliases by running firebase use --add, 
[info] but for now we'll just set up a default project.
[info] 
[info] i  If you want to create a project in a Google Cloud organization or folder, please use "firebase projects:create" instead, and return to this command when you've created the project. 
[debug] [2025-09-20T18:14:18.277Z] Checked if tokens are valid: true, expires at: 1758395326517
[debug] [2025-09-20T18:14:18.277Z] Checked if tokens are valid: true, expires at: 1758395326517
[debug] [2025-09-20T18:14:18.279Z] >>> [apiv2][query] POST https://firebase.googleapis.com/v1/projects:checkProjectId [none]
[debug] [2025-09-20T18:14:18.279Z] >>> [apiv2][body] POST https://firebase.googleapis.com/v1/projects:checkProjectId {"proposedId":"apology-0777"}
[debug] [2025-09-20T18:14:19.409Z] <<< [apiv2][status] POST https://firebase.googleapis.com/v1/projects:checkProjectId 200
[debug] [2025-09-20T18:14:19.409Z] <<< [apiv2][body] POST https://firebase.googleapis.com/v1/projects:checkProjectId {"projectIdStatus":"PROJECT_ID_AVAILABLE","suggestedProjectId":"apology-0777"}
[debug] [2025-09-20T18:14:19.946Z] Checked if tokens are valid: true, expires at: 1758395326517
[debug] [2025-09-20T18:14:19.946Z] Checked if tokens are valid: true, expires at: 1758395326517
[debug] [2025-09-20T18:14:19.946Z] >>> [apiv2][query] POST https://cloudresourcemanager.googleapis.com/v1/projects [none]
[debug] [2025-09-20T18:14:19.947Z] >>> [apiv2][body] POST https://cloudresourcemanager.googleapis.com/v1/projects {"projectId":"apology-0777","name":"apology-0777"}
[debug] [2025-09-20T18:14:21.706Z] <<< [apiv2][status] POST https://cloudresourcemanager.googleapis.com/v1/projects 200
[debug] [2025-09-20T18:14:21.706Z] <<< [apiv2][body] POST https://cloudresourcemanager.googleapis.com/v1/projects {"name":"operations/create_project.global.8301137527658854428"}
[debug] [2025-09-20T18:14:21.707Z] Checked if tokens are valid: true, expires at: 1758395326517
[debug] [2025-09-20T18:14:21.707Z] Checked if tokens are valid: true, expires at: 1758395326517
[debug] [2025-09-20T18:14:21.707Z] >>> [apiv2][query] GET https://cloudresourcemanager.googleapis.com/v1/operations/create_project.global.8301137527658854428 [none]
[debug] [2025-09-20T18:14:23.242Z] <<< [apiv2][status] GET https://cloudresourcemanager.googleapis.com/v1/operations/create_project.global.8301137527658854428 200
[debug] [2025-09-20T18:14:23.242Z] <<< [apiv2][body] GET https://cloudresourcemanager.googleapis.com/v1/operations/create_project.global.8301137527658854428 {"name":"operations/create_project.global.8301137527658854428","metadata":{"@type":"type.googleapis.com/google.cloudresourcemanager.v1.ProjectCreationStatus","ready":true},"done":true,"error":{"code":8,"message":"The project cannot be created because you have exceeded your allotted project quota.","details":[{"@type":"type.googleapis.com/google.rpc.QuotaFailure","violations":[{"description":"The project cannot be created because you have exceeded your allotted project quota."}]}]}}
[debug] [2025-09-20T18:14:23.585Z] FirebaseError: The project cannot be created because you have exceeded your allotted project quota.
    at OperationPoller.poll (C:\Users\ayush\AppData\Roaming\npm\node_modules\firebase-tools\lib\operation-poller.js:24:19)
    at process.processTicksAndRejections (node:internal/process/task_queues:105:5)
    at async createCloudProject (C:\Users\ayush\AppData\Roaming\npm\node_modules\firebase-tools\lib\management\projects.js:215:29)
    at async createFirebaseProjectAndLog (C:\Users\ayush\AppData\Roaming\npm\node_modules\firebase-tools\lib\management\projects.js:83:9)
    at async promptAndCreateNewProject (C:\Users\ayush\AppData\Roaming\npm\node_modules\firebase-tools\lib\init\features\project.js:31:12)
    at async Object.doSetup (C:\Users\ayush\AppData\Roaming\npm\node_modules\firebase-tools\lib\init\features\project.js:89:31)
    at async init (C:\Users\ayush\AppData\Roaming\npm\node_modules\firebase-tools\lib\init\index.js:68:13)
    at async Command.initAction [as actionFn] (C:\Users\ayush\AppData\Roaming\npm\node_modules\firebase-tools\lib\commands\init.js:214:5)
[error] 
[error] Error: Failed to create project. See firebase-debug.log for more info.
[debug] [2025-09-20T18:16:44.509Z] ----------------------------------------------------------------------
[debug] [2025-09-20T18:16:44.511Z] Command:       C:\Program Files\nodejs\node.exe C:\Users\ayush\AppData\Roaming\npm\node_modules\firebase-tools\lib\bin\firebase.js init
[debug] [2025-09-20T18:16:44.511Z] CLI Version:   14.17.0
[debug] [2025-09-20T18:16:44.511Z] Platform:      win32
[debug] [2025-09-20T18:16:44.511Z] Node Version:  v22.15.0
[debug] [2025-09-20T18:16:44.511Z] Time:          Sat Sep 20 2025 23:46:44 GMT+0530 (India Standard Time)
[debug] [2025-09-20T18:16:44.511Z] ----------------------------------------------------------------------
[debug] 
[debug] [2025-09-20T18:16:44.515Z] > command requires scopes: ["email","openid","https://www.googleapis.com/auth/cloudplatformprojects.readonly","https://www.googleapis.com/auth/firebase","https://www.googleapis.com/auth/cloud-platform"]
[debug] [2025-09-20T18:16:44.516Z] > authorizing via signed-in user (ayushsingh102005@gmail.com)
[info] 
     ######## #### ########  ######## ########     ###     ######  ########
     ##        ##  ##     ## ##       ##     ##  ##   ##  ##       ##
     ######    ##  ########  ######   ########  #########  ######  ######
     ##        ##  ##    ##  ##       ##     ## ##     ##       ## ##
     ##       #### ##     ## ######## ########  ##     ##  ######  ########

You're about to initialize a Firebase project in this directory:

  C:\Users\ayush\OneDrive\Desktop\Apology\apology-website

[info] 
=== Project Setup
[info] 
[info] First, let's associate this project directory with a Firebase project.
[info] You can create multiple project aliases by running firebase use --add, 
[info] but for now we'll just set up a default project.
[info] 
[debug] [2025-09-20T18:16:54.087Z] Checked if tokens are valid: true, expires at: 1758395326517
[debug] [2025-09-20T18:16:54.087Z] Checked if tokens are valid: true, expires at: 1758395326517
[debug] [2025-09-20T18:16:54.088Z] >>> [apiv2][query] GET https://firebase.googleapis.com/v1beta1/projects pageSize=100
[debug] [2025-09-20T18:16:54.928Z] <<< [apiv2][status] GET https://firebase.googleapis.com/v1beta1/projects 200
[debug] [2025-09-20T18:16:54.929Z] <<< [apiv2][body] GET https://firebase.googleapis.com/v1beta1/projects [omitted]
[info] i  Using project dsear-33f11 (DSEAR) 
[info] 
=== Hosting Setup
[debug] [2025-09-20T18:17:00.204Z] Checked if tokens are valid: true, expires at: 1758395326517
[debug] [2025-09-20T18:17:00.204Z] Checked if tokens are valid: true, expires at: 1758395326517
[debug] [2025-09-20T18:17:00.204Z] >>> [apiv2][query] GET https://firebase.googleapis.com/v1beta1/projects/dsear-33f11 [none]
[debug] [2025-09-20T18:17:01.001Z] <<< [apiv2][status] GET https://firebase.googleapis.com/v1beta1/projects/dsear-33f11 200
[debug] [2025-09-20T18:17:01.001Z] <<< [apiv2][body] GET https://firebase.googleapis.com/v1beta1/projects/dsear-33f11 {"projectId":"dsear-33f11","projectNumber":"1092182031941","displayName":"DSEAR","name":"projects/dsear-33f11","resources":{"hostingSite":"dsear-33f11"},"state":"ACTIVE","etag":"1_52dc0b05-8bcf-47c2-8420-d0ed7fbe7517"}
[info] 
[info] Your public directory is the folder (relative to your project directory) that
[info] will contain Hosting assets to be uploaded with firebase deploy. If you
[info] have a build process for your assets, use your build's output directory.
[info] 
[debug] [2025-09-20T18:17:14.319Z] >>> [apiv2][query] GET https://www.gstatic.com/firebasejs/releases.json [none]
[debug] [2025-09-20T18:17:14.555Z] <<< [apiv2][status] GET https://www.gstatic.com/firebasejs/releases.json 200
[debug] [2025-09-20T18:17:14.555Z] <<< [apiv2][body] GET https://www.gstatic.com/firebasejs/releases.json {"current":{"version":"12.3.0","browserURL":"https://www.gstatic.com/firebasejs/12.3.0/firebase.js","packageURL":"https://www.gstatic.com/firebasejs/12.3.0/firebase.tgz"},"live":{"version":"12.3","browserURL":"https://www.gstatic.com/firebasejs/live/12.3/firebase.js","packageURL":"https://www.gstatic.com/firebasejs/live/12.3/firebase.tgz"},"components":{"ai":"https://www.gstatic.com/firebasejs/12.3.0/firebase-ai.js","analytics":"https://www.gstatic.com/firebasejs/12.3.0/firebase-analytics.js","app":"https://www.gstatic.com/firebasejs/12.3.0/firebase-app.js","app-check":"https://www.gstatic.com/firebasejs/12.3.0/firebase-app-check.js","auth":"https://www.gstatic.com/firebasejs/12.3.0/firebase-auth.js","auth/cordova":"https://www.gstatic.com/firebasejs/12.3.0/firebase-auth/cordova.js","auth/web-extension":"https://www.gstatic.com/firebasejs/12.3.0/firebase-auth/web-extension.js","functions":"https://www.gstatic.com/firebasejs/12.3.0/firebase-functions.js","firestore":"https://www.gstatic.com/firebasejs/12.3.0/firebase-firestore.js","firestore/lite":"https://www.gstatic.com/firebasejs/12.3.0/firebase-firestore/lite.js","installations":"https://www.gstatic.com/firebasejs/12.3.0/firebase-installations.js","storage":"https://www.gstatic.com/firebasejs/12.3.0/firebase-storage.js","performance":"https://www.gstatic.com/firebasejs/12.3.0/firebase-performance.js","remote-config":"https://www.gstatic.com/firebasejs/12.3.0/firebase-remote-config.js","messaging":"https://www.gstatic.com/firebasejs/12.3.0/firebase-messaging.js","messaging/sw":"https://www.gstatic.com/firebasejs/12.3.0/firebase-messaging/sw.js","database":"https://www.gstatic.com/firebasejs/12.3.0/firebase-database.js","data-connect":"https://www.gstatic.com/firebasejs/12.3.0/firebase-data-connect.js","firestore.memory":"https://www.gstatic.com/firebasejs/12.3.0/firebase-firestore.memory.js"}}
[info] i  Skipping write of public/index.html 
[info] 
[info] i  Detected a .git folder at C:\Users\ayush\OneDrive\Desktop\Apology\apology-website 
[info] i  Authorizing with GitHub to upload your service account to a GitHub repository's secrets store. 
[info] 
[info] Visit this URL on this device to log in:
[info] https://github.com/login/oauth/authorize?client_id=89cf50f02ac6aaed3484&state=175511505&redirect_uri=http%3A%2F%2Flocalhost%3A9005&scope=read%3Auser%20repo%20public_repo
[info] 
[info] Waiting for authentication...
[debug] [2025-09-20T18:19:08.468Z] >>> [apiv2][query] POST https://github.com/login/oauth/access_token [none]
[debug] [2025-09-20T18:19:08.469Z] >>> [apiv2][body] POST https://github.com/login/oauth/access_token [stream]
[debug] [2025-09-20T18:19:09.173Z] <<< [apiv2][status] POST https://github.com/login/oauth/access_token 200
[debug] [2025-09-20T18:19:09.173Z] <<< [apiv2][body] POST https://github.com/login/oauth/access_token {"access_token":"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","token_type":"bearer","scope":"read:user,repo"}
[debug] [2025-09-20T18:19:09.179Z] >>> [apiv2][query] GET https://api.github.com/user [none]
[debug] [2025-09-20T18:19:09.728Z] <<< [apiv2][status] GET https://api.github.com/user 200
[debug] [2025-09-20T18:19:09.728Z] <<< [apiv2][body] GET https://api.github.com/user {"login":"Ayush102005","id":147360109,"node_id":"U_kgDOCMiJbQ","avatar_url":"https://avatars.githubusercontent.com/u/147360109?v=4","gravatar_id":"","url":"https://api.github.com/users/Ayush102005","html_url":"https://github.com/Ayush102005","followers_url":"https://api.github.com/users/Ayush102005/followers","following_url":"https://api.github.com/users/Ayush102005/following{/other_user}","gists_url":"https://api.github.com/users/Ayush102005/gists{/gist_id}","starred_url":"https://api.github.com/users/Ayush102005/starred{/owner}{/repo}","subscriptions_url":"https://api.github.com/users/Ayush102005/subscriptions","organizations_url":"https://api.github.com/users/Ayush102005/orgs","repos_url":"https://api.github.com/users/Ayush102005/repos","events_url":"https://api.github.com/users/Ayush102005/events{/privacy}","received_events_url":"https://api.github.com/users/Ayush102005/received_events","type":"User","user_view_type":"private","site_admin":false,"name":"AYUSH KUMAR SINGH","company":null,"blog":"","location":null,"email":null,"hireable":null,"bio":null,"twitter_username":null,"notification_email":null,"public_repos":13,"public_gists":0,"followers":2,"following":2,"created_at":"2023-10-09T02:55:16Z","updated_at":"2025-09-13T23:16:43Z","private_gists":0,"total_private_repos":3,"owned_private_repos":3,"disk_usage":9471,"collaborators":0,"two_factor_authentication":true,"plan":{"name":"free","space":976562499,"collaborators":0,"private_repos":10000}}
[info] 
[info] +  Success! Logged into GitHub as Ayush102005 
[info] 
